  Generate moc_predefs.h
  Uic'ing gui\scorewindow.ui...
  Moc'ing gui\mainwindow.h...
  Moc'ing gui\qgameboard.h...
  Moc'ing gui\qgameoverwindow.h...
  Moc'ing gui\qresetbutton.h...
  Moc'ing gui\qscorebutton.h...
  Moc'ing gui\qtile.h...
  Moc'ing gui\qwinwindow.h...
  Moc'ing gui\scorewindow.h...
cl : Command line warning D9002: ignoring unknown option '-std=c++11'
cl : Command line warning D9002: ignoring unknown option '-std=c++11'
  board.cpp
cl : Command line warning D9002: ignoring unknown option '-std=c++11'
  game.cpp
cl : Command line warning D9002: ignoring unknown option '-std=c++11'
  main.cpp
cl : Command line warning D9002: ignoring unknown option '-std=c++11'
  mainwindow.cpp
  observer.cpp
  qgameboard.cpp
  qgameoverwindow.cpp
  qresetbutton.cpp
  qscorebutton.cpp
c:\users\yramb\onedrive\kursova\new folder\4096\gui\qresetbutton.cpp(11): warning C4100: 'event': unreferenced formal parameter
c:\users\yramb\onedrive\kursova\new folder\4096\gui\qscorebutton.cpp(12): warning C4100: 'event': unreferenced formal parameter
  qtile.cpp
  scorewindow.cpp
  subject.cpp
  tile.cpp
  moc_mainwindow.cpp
  moc_qgameboard.cpp
  moc_qgameoverwindow.cpp
  moc_qresetbutton.cpp
  moc_qscorebutton.cpp
  moc_qtile.cpp
  moc_qwinwindow.cpp
  moc_scorewindow.cpp
  4096.vcxproj -> C:\Users\yramb\OneDrive\kursova\New folder\4096\release\4096.exe
