c:\users\yramb\onedrive\kursova\new folder\4096\debug\moc_mainwindow.cpp
c:\users\yramb\onedrive\kursova\new folder\4096\debug\moc_qgameboard.cpp
c:\users\yramb\onedrive\kursova\new folder\4096\debug\moc_qgameoverwindow.cpp
c:\users\yramb\onedrive\kursova\new folder\4096\debug\moc_qresetbutton.cpp
c:\users\yramb\onedrive\kursova\new folder\4096\debug\moc_qtile.cpp
c:\users\yramb\onedrive\kursova\new folder\4096\debug\moc_qwinwindow.cpp
c:\users\yramb\onedrive\kursova\new folder\4096\debug\mainwindow.obj
c:\users\yramb\onedrive\kursova\new folder\4096\debug\qtile.obj
c:\users\yramb\onedrive\kursova\new folder\4096\debug\moc_mainwindow.obj
c:\users\yramb\onedrive\kursova\new folder\4096\debug\board.obj
c:\users\yramb\onedrive\kursova\new folder\4096\debug\qgameoverwindow.obj
c:\users\yramb\onedrive\kursova\new folder\4096\debug\moc_qgameoverwindow.obj
c:\users\yramb\onedrive\kursova\new folder\4096\debug\main.obj
c:\users\yramb\onedrive\kursova\new folder\4096\debug\qresetbutton.obj
c:\users\yramb\onedrive\kursova\new folder\4096\debug\tile.obj
c:\users\yramb\onedrive\kursova\new folder\4096\debug\moc_qgameboard.obj
c:\users\yramb\onedrive\kursova\new folder\4096\debug\moc_qwinwindow.obj
c:\users\yramb\onedrive\kursova\new folder\4096\debug\game.obj
c:\users\yramb\onedrive\kursova\new folder\4096\debug\observer.obj
c:\users\yramb\onedrive\kursova\new folder\4096\debug\qgameboard.obj
c:\users\yramb\onedrive\kursova\new folder\4096\debug\subject.obj
c:\users\yramb\onedrive\kursova\new folder\4096\debug\moc_qresetbutton.obj
c:\users\yramb\onedrive\kursova\new folder\4096\debug\moc_qtile.obj
c:\users\yramb\onedrive\kursova\new folder\4096\debug\vc141.pdb
c:\users\yramb\onedrive\kursova\new folder\4096\debug\moc_predefs.h
c:\users\yramb\onedrive\kursova\new folder\4096\debug\expgame.ilk
c:\users\yramb\onedrive\kursova\new folder\4096\debug\4096.pdb
c:\users\yramb\onedrive\kursova\new folder\4096\debug\expgame.pdb
c:\users\yramb\onedrive\kursova\new folder\4096\debug\4096.tlog\4096.write.1u.tlog
c:\users\yramb\onedrive\kursova\new folder\4096\debug\4096.tlog\cl.17272.write.1.tlog
c:\users\yramb\onedrive\kursova\new folder\4096\debug\4096.tlog\cl.command.1.tlog
c:\users\yramb\onedrive\kursova\new folder\4096\debug\4096.tlog\cl.read.1.tlog
c:\users\yramb\onedrive\kursova\new folder\4096\debug\4096.tlog\custombuild.command.1.tlog
c:\users\yramb\onedrive\kursova\new folder\4096\debug\4096.tlog\custombuild.read.1.tlog
c:\users\yramb\onedrive\kursova\new folder\4096\debug\4096.tlog\custombuild.write.1.tlog
c:\users\yramb\onedrive\kursova\new folder\4096\debug\4096.tlog\link-cvtres.read.1.tlog
c:\users\yramb\onedrive\kursova\new folder\4096\debug\4096.tlog\link-cvtres.write.1.tlog
c:\users\yramb\onedrive\kursova\new folder\4096\debug\4096.tlog\link-rc.read.1.tlog
c:\users\yramb\onedrive\kursova\new folder\4096\debug\4096.tlog\link-rc.write.1.tlog
c:\users\yramb\onedrive\kursova\new folder\4096\debug\4096.tlog\link.command.1.tlog
c:\users\yramb\onedrive\kursova\new folder\4096\debug\4096.tlog\link.read.1.tlog
c:\users\yramb\onedrive\kursova\new folder\4096\debug\4096.tlog\link.write.1.tlog
c:\users\yramb\onedrive\kursova\new folder\4096\debug\4096.tlog\moc.read.1u.tlog
c:\users\yramb\onedrive\kursova\new folder\4096\debug\4096.tlog\moc.write.1u.tlog
